d:\cpl\gameengine\match\match\x64\debug\vc143.pdb
d:\cpl\gameengine\match\match\x64\debug\vc143.idb
d:\cpl\gameengine\match\match\x64\debug\vector2.obj
d:\cpl\gameengine\match\match\x64\debug\main.obj
d:\cpl\gameengine\match\x64\debug\match.exe
d:\cpl\gameengine\match\x64\debug\match.pdb
d:\cpl\gameengine\match\match\x64\debug\match.ilk
d:\github\vectormatrix\match\x64\debug\main.obj
d:\github\vectormatrix\match\x64\debug\vector2.obj
d:\github\vectormatrix\match\x64\debug\match.ilk
d:\github\vectormatrix\match\x64\debug\vc143.idb
d:\github\vectormatrix\match\x64\debug\vc143.pdb
d:\github\vectormatrix\x64\debug\match.pdb
d:\github\vectormatrix\x64\debug\match.exe
d:\github\vectormatrix\match\x64\debug\match.tlog\cl.command.1.tlog
d:\github\vectormatrix\match\x64\debug\match.tlog\cl.items.tlog
d:\github\vectormatrix\match\x64\debug\match.tlog\cl.read.1.tlog
d:\github\vectormatrix\match\x64\debug\match.tlog\cl.write.1.tlog
d:\github\vectormatrix\match\x64\debug\match.tlog\link.command.1.tlog
d:\github\vectormatrix\match\x64\debug\match.tlog\link.read.1.tlog
d:\github\vectormatrix\match\x64\debug\match.tlog\link.secondary.1.tlog
d:\github\vectormatrix\match\x64\debug\match.tlog\link.write.1.tlog
